<?xml version="1.0" encoding="UTF-8"?>
<testng-results ignored="0" total="1" passed="1" failed="0" skipped="0">
  <reporter-output>
  </reporter-output>
  <suite started-at="2023-07-19T17:26:20 IST" name="Default suite" finished-at="2023-07-19T17:26:57 IST" duration-ms="37088">
    <groups>
    </groups>
    <test started-at="2023-07-19T17:26:20 IST" name="Default test" finished-at="2023-07-19T17:26:57 IST" duration-ms="37088">
      <class name="TestSuite.AllTest">
        <test-method is-config="true" signature="driverSetup()[pri:0, instance:TestSuite.AllTest@14a50707]" started-at="2023-07-19T17:26:19 IST" name="driverSetup" finished-at="2023-07-19T17:26:20 IST" duration-ms="1858" status="PASS">
          <reporter-output>
          </reporter-output>
        </test-method> <!-- driverSetup -->
        <test-method signature="test()[pri:0, instance:TestSuite.AllTest@14a50707]" started-at="2023-07-19T17:26:20 IST" name="test" finished-at="2023-07-19T17:26:57 IST" duration-ms="36992" status="PASS">
          <reporter-output>
          </reporter-output>
        </test-method> <!-- test -->
        <test-method is-config="true" signature="closeBrowser()[pri:0, instance:TestSuite.AllTest@14a50707]" started-at="2023-07-19T17:26:58 IST" name="closeBrowser" finished-at="2023-07-19T17:26:58 IST" duration-ms="281" status="PASS">
          <reporter-output>
          </reporter-output>
        </test-method> <!-- closeBrowser -->
      </class> <!-- TestSuite.AllTest -->
    </test> <!-- Default test -->
  </suite> <!-- Default suite -->
</testng-results>
